RUN	simulations.KafkaProducerSimulation	kafkaproducersimulation	1772646124195	 	3.11.5
USER	Kafka load test	START	1772646126826
REQUEST		Dummy request	1772646126821	1772646126827	KO	j.n.ConnectException: Connection refused
USER	Kafka load test	END	1772646126843
USER	Kafka load test	START	1772646126845
REQUEST		Dummy request	1772646126829	1772646126846	KO	j.n.ConnectException: Connection refused
USER	Kafka load test	END	1772646126847
USER	Kafka load test	START	1772646126848
REQUEST		Dummy request	1772646126847	1772646126850	KO	j.n.ConnectException: Connection refused
USER	Kafka load test	END	1772646126854
USER	Kafka load test	START	1772646126917
REQUEST		Dummy request	1772646126916	1772646126917	KO	j.n.ConnectException: Connection refused
USER	Kafka load test	END	1772646126918
USER	Kafka load test	START	1772646127016
REQUEST		Dummy request	1772646127015	1772646127017	KO	j.n.ConnectException: Connection refused
USER	Kafka load test	END	1772646127018
USER	Kafka load test	START	1772646127122
REQUEST		Dummy request	1772646127121	1772646127122	KO	j.n.ConnectException: Connection refused
USER	Kafka load test	END	1772646127125
USER	Kafka load test	START	1772646127218
REQUEST		Dummy request	1772646127217	1772646127219	KO	j.n.ConnectException: Connection refused
USER	Kafka load test	END	1772646127220
USER	Kafka load test	START	1772646127318
REQUEST		Dummy request	1772646127318	1772646127319	KO	j.n.ConnectException: Connection refused
USER	Kafka load test	END	1772646127320
USER	Kafka load test	START	1772646127421
REQUEST		Dummy request	1772646127421	1772646127422	KO	j.n.ConnectException: Connection refused
USER	Kafka load test	END	1772646127423
USER	Kafka load test	START	1772646127517
REQUEST		Dummy request	1772646127516	1772646127517	KO	j.n.ConnectException: Connection refused
USER	Kafka load test	END	1772646127518
USER	Kafka load test	START	1772646127645
REQUEST		Dummy request	1772646127645	1772646127646	KO	j.n.ConnectException: Connection refused
USER	Kafka load test	END	1772646127647
USER	Kafka load test	START	1772646127721
REQUEST		Dummy request	1772646127719	1772646127722	KO	j.n.ConnectException: Connection refused
USER	Kafka load test	END	1772646127723
USER	Kafka load test	START	1772646127819
REQUEST		Dummy request	1772646127819	1772646127820	KO	j.n.ConnectException: Connection refused
USER	Kafka load test	END	1772646127820
USER	Kafka load test	START	1772646127921
REQUEST		Dummy request	1772646127920	1772646127921	KO	j.n.ConnectException: Connection refused
USER	Kafka load test	END	1772646127922
USER	Kafka load test	START	1772646128021
REQUEST		Dummy request	1772646128020	1772646128022	KO	j.n.ConnectException: Connection refused
USER	Kafka load test	END	1772646128022
USER	Kafka load test	START	1772646128127
REQUEST		Dummy request	1772646128127	1772646128128	KO	j.n.ConnectException: Connection refused
USER	Kafka load test	END	1772646128129
USER	Kafka load test	START	1772646128217
REQUEST		Dummy request	1772646128216	1772646128218	KO	j.n.ConnectException: Connection refused
USER	Kafka load test	END	1772646128219
USER	Kafka load test	START	1772646128320
REQUEST		Dummy request	1772646128319	1772646128320	KO	j.n.ConnectException: Connection refused
USER	Kafka load test	END	1772646128321
USER	Kafka load test	START	1772646128422
REQUEST		Dummy request	1772646128421	1772646128423	KO	j.n.ConnectException: Connection refused
USER	Kafka load test	END	1772646128425
USER	Kafka load test	START	1772646128537
REQUEST		Dummy request	1772646128536	1772646128540	KO	j.n.ConnectException: Connection refused
USER	Kafka load test	END	1772646128541
USER	Kafka load test	START	1772646128619
REQUEST		Dummy request	1772646128618	1772646128619	KO	j.n.ConnectException: Connection refused
USER	Kafka load test	END	1772646128620
USER	Kafka load test	START	1772646128713
REQUEST		Dummy request	1772646128713	1772646128714	KO	j.n.ConnectException: Connection refused
USER	Kafka load test	END	1772646128714
USER	Kafka load test	START	1772646128813
REQUEST		Dummy request	1772646128813	1772646128814	KO	j.n.ConnectException: Connection refused
USER	Kafka load test	END	1772646128814
USER	Kafka load test	START	1772646128917
REQUEST		Dummy request	1772646128917	1772646128918	KO	j.n.ConnectException: Connection refused
USER	Kafka load test	END	1772646128919
USER	Kafka load test	START	1772646129015
REQUEST		Dummy request	1772646129014	1772646129017	KO	j.n.ConnectException: Connection refused
USER	Kafka load test	END	1772646129018
USER	Kafka load test	START	1772646129113
REQUEST		Dummy request	1772646129112	1772646129113	KO	j.n.ConnectException: Connection refused
USER	Kafka load test	END	1772646129113
USER	Kafka load test	START	1772646129214
REQUEST		Dummy request	1772646129213	1772646129214	KO	j.n.ConnectException: Connection refused
USER	Kafka load test	END	1772646129215
USER	Kafka load test	START	1772646129313
REQUEST		Dummy request	1772646129312	1772646129313	KO	j.n.ConnectException: Connection refused
USER	Kafka load test	END	1772646129314
USER	Kafka load test	START	1772646129418
REQUEST		Dummy request	1772646129418	1772646129419	KO	j.n.ConnectException: Connection refused
USER	Kafka load test	END	1772646129420
USER	Kafka load test	START	1772646129514
REQUEST		Dummy request	1772646129513	1772646129515	KO	j.n.ConnectException: Connection refused
USER	Kafka load test	END	1772646129515
USER	Kafka load test	START	1772646129616
REQUEST		Dummy request	1772646129615	1772646129616	KO	j.n.ConnectException: Connection refused
USER	Kafka load test	END	1772646129617
USER	Kafka load test	START	1772646129716
REQUEST		Dummy request	1772646129715	1772646129716	KO	j.n.ConnectException: Connection refused
USER	Kafka load test	END	1772646129717
USER	Kafka load test	START	1772646129815
REQUEST		Dummy request	1772646129814	1772646129816	KO	j.n.ConnectException: Connection refused
USER	Kafka load test	END	1772646129817
USER	Kafka load test	START	1772646129913
REQUEST		Dummy request	1772646129912	1772646129913	KO	j.n.ConnectException: Connection refused
USER	Kafka load test	END	1772646129914
USER	Kafka load test	START	1772646130013
REQUEST		Dummy request	1772646130012	1772646130014	KO	j.n.ConnectException: Connection refused
USER	Kafka load test	END	1772646130015
USER	Kafka load test	START	1772646130113
REQUEST		Dummy request	1772646130113	1772646130114	KO	j.n.ConnectException: Connection refused
USER	Kafka load test	END	1772646130115
USER	Kafka load test	START	1772646130214
REQUEST		Dummy request	1772646130213	1772646130214	KO	j.n.ConnectException: Connection refused
USER	Kafka load test	END	1772646130215
USER	Kafka load test	START	1772646130316
REQUEST		Dummy request	1772646130314	1772646130316	KO	j.n.ConnectException: Connection refused
USER	Kafka load test	END	1772646130318
USER	Kafka load test	START	1772646130414
REQUEST		Dummy request	1772646130414	1772646130415	KO	j.n.ConnectException: Connection refused
USER	Kafka load test	END	1772646130415
USER	Kafka load test	START	1772646130512
REQUEST		Dummy request	1772646130511	1772646130512	KO	j.n.ConnectException: Connection refused
USER	Kafka load test	END	1772646130513
USER	Kafka load test	START	1772646130628
REQUEST		Dummy request	1772646130627	1772646130628	KO	j.n.ConnectException: Connection refused
USER	Kafka load test	END	1772646130630
USER	Kafka load test	START	1772646130713
REQUEST		Dummy request	1772646130712	1772646130713	KO	j.n.ConnectException: Connection refused
USER	Kafka load test	END	1772646130715
USER	Kafka load test	START	1772646130813
REQUEST		Dummy request	1772646130812	1772646130813	KO	j.n.ConnectException: Connection refused
USER	Kafka load test	END	1772646130814
USER	Kafka load test	START	1772646130914
REQUEST		Dummy request	1772646130913	1772646130914	KO	j.n.ConnectException: Connection refused
USER	Kafka load test	END	1772646130914
USER	Kafka load test	START	1772646131015
REQUEST		Dummy request	1772646131014	1772646131015	KO	j.n.ConnectException: Connection refused
USER	Kafka load test	END	1772646131015
USER	Kafka load test	START	1772646131115
REQUEST		Dummy request	1772646131114	1772646131115	KO	j.n.ConnectException: Connection refused
USER	Kafka load test	END	1772646131117
USER	Kafka load test	START	1772646131213
REQUEST		Dummy request	1772646131213	1772646131214	KO	j.n.ConnectException: Connection refused
USER	Kafka load test	END	1772646131214
USER	Kafka load test	START	1772646131317
REQUEST		Dummy request	1772646131316	1772646131317	KO	j.n.ConnectException: Connection refused
USER	Kafka load test	END	1772646131318
USER	Kafka load test	START	1772646131414
REQUEST		Dummy request	1772646131414	1772646131415	KO	j.n.ConnectException: Connection refused
USER	Kafka load test	END	1772646131416
USER	Kafka load test	START	1772646131514
REQUEST		Dummy request	1772646131514	1772646131515	KO	j.n.ConnectException: Connection refused
USER	Kafka load test	END	1772646131516
USER	Kafka load test	START	1772646131622
REQUEST		Dummy request	1772646131621	1772646131622	KO	j.n.ConnectException: Connection refused
USER	Kafka load test	END	1772646131625
USER	Kafka load test	START	1772646131712
REQUEST		Dummy request	1772646131711	1772646131712	KO	j.n.ConnectException: Connection refused
USER	Kafka load test	END	1772646131713
USER	Kafka load test	START	1772646131813
REQUEST		Dummy request	1772646131813	1772646131814	KO	j.n.ConnectException: Connection refused
USER	Kafka load test	END	1772646131815
USER	Kafka load test	START	1772646131914
REQUEST		Dummy request	1772646131914	1772646131915	KO	j.n.ConnectException: Connection refused
USER	Kafka load test	END	1772646131916
USER	Kafka load test	START	1772646132012
REQUEST		Dummy request	1772646132012	1772646132013	KO	j.n.ConnectException: Connection refused
USER	Kafka load test	END	1772646132013
USER	Kafka load test	START	1772646132112
REQUEST		Dummy request	1772646132111	1772646132112	KO	j.n.ConnectException: Connection refused
USER	Kafka load test	END	1772646132113
USER	Kafka load test	START	1772646132213
REQUEST		Dummy request	1772646132213	1772646132214	KO	j.n.ConnectException: Connection refused
USER	Kafka load test	END	1772646132214
USER	Kafka load test	START	1772646132313
REQUEST		Dummy request	1772646132312	1772646132313	KO	j.n.ConnectException: Connection refused
USER	Kafka load test	END	1772646132314
USER	Kafka load test	START	1772646132415
REQUEST		Dummy request	1772646132414	1772646132416	KO	j.n.ConnectException: Connection refused
USER	Kafka load test	END	1772646132416
USER	Kafka load test	START	1772646132517
REQUEST		Dummy request	1772646132517	1772646132518	KO	j.n.ConnectException: Connection refused
USER	Kafka load test	END	1772646132518
USER	Kafka load test	START	1772646132627
REQUEST		Dummy request	1772646132627	1772646132628	KO	j.n.ConnectException: Connection refused
USER	Kafka load test	END	1772646132629
USER	Kafka load test	START	1772646132712
REQUEST		Dummy request	1772646132711	1772646132712	KO	j.n.ConnectException: Connection refused
USER	Kafka load test	END	1772646132713
USER	Kafka load test	START	1772646132815
REQUEST		Dummy request	1772646132814	1772646132815	KO	j.n.ConnectException: Connection refused
USER	Kafka load test	END	1772646132816
USER	Kafka load test	START	1772646132914
REQUEST		Dummy request	1772646132913	1772646132914	KO	j.n.ConnectException: Connection refused
USER	Kafka load test	END	1772646132915
USER	Kafka load test	START	1772646133014
REQUEST		Dummy request	1772646133013	1772646133015	KO	j.n.ConnectException: Connection refused
USER	Kafka load test	END	1772646133016
USER	Kafka load test	START	1772646133114
REQUEST		Dummy request	1772646133113	1772646133114	KO	j.n.ConnectException: Connection refused
USER	Kafka load test	END	1772646133114
USER	Kafka load test	START	1772646133213
REQUEST		Dummy request	1772646133212	1772646133213	KO	j.n.ConnectException: Connection refused
USER	Kafka load test	END	1772646133214
USER	Kafka load test	START	1772646133316
REQUEST		Dummy request	1772646133315	1772646133317	KO	j.n.ConnectException: Connection refused
USER	Kafka load test	END	1772646133318
USER	Kafka load test	START	1772646133414
REQUEST		Dummy request	1772646133413	1772646133414	KO	j.n.ConnectException: Connection refused
USER	Kafka load test	END	1772646133415
USER	Kafka load test	START	1772646133513
REQUEST		Dummy request	1772646133513	1772646133514	KO	j.n.ConnectException: Connection refused
USER	Kafka load test	END	1772646133514
USER	Kafka load test	START	1772646133618
REQUEST		Dummy request	1772646133618	1772646133619	KO	j.n.ConnectException: Connection refused
USER	Kafka load test	END	1772646133619
USER	Kafka load test	START	1772646133714
REQUEST		Dummy request	1772646133713	1772646133714	KO	j.n.ConnectException: Connection refused
USER	Kafka load test	END	1772646133715
USER	Kafka load test	START	1772646133812
REQUEST		Dummy request	1772646133811	1772646133812	KO	j.n.ConnectException: Connection refused
USER	Kafka load test	END	1772646133812
USER	Kafka load test	START	1772646133920
REQUEST		Dummy request	1772646133919	1772646133921	KO	j.n.ConnectException: Connection refused
USER	Kafka load test	END	1772646133926
USER	Kafka load test	START	1772646134012
REQUEST		Dummy request	1772646134012	1772646134012	KO	j.n.ConnectException: Connection refused
USER	Kafka load test	END	1772646134013
USER	Kafka load test	START	1772646134112
REQUEST		Dummy request	1772646134112	1772646134112	KO	j.n.ConnectException: Connection refused
USER	Kafka load test	END	1772646134113
USER	Kafka load test	START	1772646134213
REQUEST		Dummy request	1772646134213	1772646134214	KO	j.n.ConnectException: Connection refused
USER	Kafka load test	END	1772646134214
USER	Kafka load test	START	1772646134328
REQUEST		Dummy request	1772646134328	1772646134329	KO	j.n.ConnectException: Connection refused
USER	Kafka load test	END	1772646134329
USER	Kafka load test	START	1772646134414
REQUEST		Dummy request	1772646134413	1772646134414	KO	j.n.ConnectException: Connection refused
USER	Kafka load test	END	1772646134415
USER	Kafka load test	START	1772646134513
REQUEST		Dummy request	1772646134512	1772646134513	KO	j.n.ConnectException: Connection refused
USER	Kafka load test	END	1772646134514
USER	Kafka load test	START	1772646134622
REQUEST		Dummy request	1772646134621	1772646134626	KO	j.n.ConnectException: Connection refused
USER	Kafka load test	END	1772646134627
USER	Kafka load test	START	1772646134723
REQUEST		Dummy request	1772646134720	1772646134725	KO	j.n.ConnectException: Connection refused
USER	Kafka load test	END	1772646134727
USER	Kafka load test	START	1772646134825
REQUEST		Dummy request	1772646134823	1772646134826	KO	j.n.ConnectException: Connection refused
USER	Kafka load test	END	1772646134828
USER	Kafka load test	START	1772646134984
REQUEST		Dummy request	1772646134981	1772646134985	KO	j.n.ConnectException: Connection refused
USER	Kafka load test	END	1772646134986
USER	Kafka load test	START	1772646135026
REQUEST		Dummy request	1772646135026	1772646135027	KO	j.n.ConnectException: Connection refused
USER	Kafka load test	END	1772646135027
USER	Kafka load test	START	1772646135266
REQUEST		Dummy request	1772646135261	1772646135267	KO	j.n.ConnectException: Connection refused
USER	Kafka load test	END	1772646135268
USER	Kafka load test	START	1772646135304
REQUEST		Dummy request	1772646135301	1772646135306	KO	j.n.ConnectException: Connection refused
USER	Kafka load test	END	1772646135308
USER	Kafka load test	START	1772646135363
REQUEST		Dummy request	1772646135363	1772646135364	KO	j.n.ConnectException: Connection refused
USER	Kafka load test	END	1772646135365
USER	Kafka load test	START	1772646135413
REQUEST		Dummy request	1772646135412	1772646135413	KO	j.n.ConnectException: Connection refused
USER	Kafka load test	END	1772646135413
USER	Kafka load test	START	1772646135514
REQUEST		Dummy request	1772646135513	1772646135515	KO	j.n.ConnectException: Connection refused
USER	Kafka load test	END	1772646135515
USER	Kafka load test	START	1772646135619
REQUEST		Dummy request	1772646135618	1772646135619	KO	j.n.ConnectException: Connection refused
USER	Kafka load test	END	1772646135627
USER	Kafka load test	START	1772646135719
REQUEST		Dummy request	1772646135718	1772646135719	KO	j.n.ConnectException: Connection refused
USER	Kafka load test	END	1772646135723
USER	Kafka load test	START	1772646135815
REQUEST		Dummy request	1772646135814	1772646135815	KO	j.n.ConnectException: Connection refused
USER	Kafka load test	END	1772646135816
USER	Kafka load test	START	1772646135915
REQUEST		Dummy request	1772646135914	1772646135915	KO	j.n.ConnectException: Connection refused
USER	Kafka load test	END	1772646135916
USER	Kafka load test	START	1772646136014
REQUEST		Dummy request	1772646136012	1772646136014	KO	j.n.ConnectException: Connection refused
USER	Kafka load test	END	1772646136017
USER	Kafka load test	START	1772646136117
REQUEST		Dummy request	1772646136116	1772646136117	KO	j.n.ConnectException: Connection refused
USER	Kafka load test	END	1772646136118
USER	Kafka load test	START	1772646136215
REQUEST		Dummy request	1772646136214	1772646136215	KO	j.n.ConnectException: Connection refused
USER	Kafka load test	END	1772646136215
USER	Kafka load test	START	1772646136318
REQUEST		Dummy request	1772646136317	1772646136318	KO	j.n.ConnectException: Connection refused
USER	Kafka load test	END	1772646136319
USER	Kafka load test	START	1772646136413
REQUEST		Dummy request	1772646136413	1772646136414	KO	j.n.ConnectException: Connection refused
USER	Kafka load test	END	1772646136414
USER	Kafka load test	START	1772646136513
REQUEST		Dummy request	1772646136512	1772646136514	KO	j.n.ConnectException: Connection refused
USER	Kafka load test	END	1772646136515
USER	Kafka load test	START	1772646136613
REQUEST		Dummy request	1772646136613	1772646136613	KO	j.n.ConnectException: Connection refused
USER	Kafka load test	END	1772646136614
USER	Kafka load test	START	1772646136713
REQUEST		Dummy request	1772646136712	1772646136713	KO	j.n.ConnectException: Connection refused
USER	Kafka load test	END	1772646136713
USER	Kafka load test	START	1772646136813
REQUEST		Dummy request	1772646136812	1772646136813	KO	j.n.ConnectException: Connection refused
USER	Kafka load test	END	1772646136814
USER	Kafka load test	START	1772646136913
REQUEST		Dummy request	1772646136913	1772646136913	KO	j.n.ConnectException: Connection refused
USER	Kafka load test	END	1772646136914
USER	Kafka load test	START	1772646137013
REQUEST		Dummy request	1772646137012	1772646137013	KO	j.n.ConnectException: Connection refused
USER	Kafka load test	END	1772646137013
USER	Kafka load test	START	1772646137113
REQUEST		Dummy request	1772646137113	1772646137113	KO	j.n.ConnectException: Connection refused
USER	Kafka load test	END	1772646137114
USER	Kafka load test	START	1772646137214
REQUEST		Dummy request	1772646137213	1772646137214	KO	j.n.ConnectException: Connection refused
USER	Kafka load test	END	1772646137215
USER	Kafka load test	START	1772646137314
REQUEST		Dummy request	1772646137314	1772646137315	KO	j.n.ConnectException: Connection refused
USER	Kafka load test	END	1772646137315
USER	Kafka load test	START	1772646137413
REQUEST		Dummy request	1772646137412	1772646137413	KO	j.n.ConnectException: Connection refused
USER	Kafka load test	END	1772646137414
USER	Kafka load test	START	1772646137513
REQUEST		Dummy request	1772646137513	1772646137513	KO	j.n.ConnectException: Connection refused
USER	Kafka load test	END	1772646137514
USER	Kafka load test	START	1772646137613
REQUEST		Dummy request	1772646137612	1772646137613	KO	j.n.ConnectException: Connection refused
USER	Kafka load test	END	1772646137614
USER	Kafka load test	START	1772646137712
REQUEST		Dummy request	1772646137711	1772646137712	KO	j.n.ConnectException: Connection refused
USER	Kafka load test	END	1772646137712
USER	Kafka load test	START	1772646137816
REQUEST		Dummy request	1772646137816	1772646137816	KO	j.n.ConnectException: Connection refused
USER	Kafka load test	END	1772646137817
USER	Kafka load test	START	1772646137911
REQUEST		Dummy request	1772646137911	1772646137911	KO	j.n.ConnectException: Connection refused
USER	Kafka load test	END	1772646137912
USER	Kafka load test	START	1772646138013
REQUEST		Dummy request	1772646138012	1772646138015	KO	j.n.ConnectException: Connection refused
USER	Kafka load test	END	1772646138016
USER	Kafka load test	START	1772646138112
REQUEST		Dummy request	1772646138111	1772646138112	KO	j.n.ConnectException: Connection refused
USER	Kafka load test	END	1772646138113
USER	Kafka load test	START	1772646138211
REQUEST		Dummy request	1772646138211	1772646138212	KO	j.n.ConnectException: Connection refused
USER	Kafka load test	END	1772646138212
USER	Kafka load test	START	1772646138316
REQUEST		Dummy request	1772646138314	1772646138316	KO	j.n.ConnectException: Connection refused
USER	Kafka load test	END	1772646138316
USER	Kafka load test	START	1772646138412
REQUEST		Dummy request	1772646138412	1772646138413	KO	j.n.ConnectException: Connection refused
USER	Kafka load test	END	1772646138413
USER	Kafka load test	START	1772646138512
REQUEST		Dummy request	1772646138511	1772646138512	KO	j.n.ConnectException: Connection refused
USER	Kafka load test	END	1772646138513
USER	Kafka load test	START	1772646138615
REQUEST		Dummy request	1772646138615	1772646138616	KO	j.n.ConnectException: Connection refused
USER	Kafka load test	END	1772646138616
USER	Kafka load test	START	1772646138713
REQUEST		Dummy request	1772646138713	1772646138714	KO	j.n.ConnectException: Connection refused
USER	Kafka load test	END	1772646138715
USER	Kafka load test	START	1772646138813
REQUEST		Dummy request	1772646138812	1772646138814	KO	j.n.ConnectException: Connection refused
USER	Kafka load test	END	1772646138815
USER	Kafka load test	START	1772646138913
REQUEST		Dummy request	1772646138912	1772646138914	KO	j.n.ConnectException: Connection refused
USER	Kafka load test	END	1772646138915
USER	Kafka load test	START	1772646139013
REQUEST		Dummy request	1772646139013	1772646139014	KO	j.n.ConnectException: Connection refused
USER	Kafka load test	END	1772646139015
USER	Kafka load test	START	1772646139113
REQUEST		Dummy request	1772646139112	1772646139113	KO	j.n.ConnectException: Connection refused
USER	Kafka load test	END	1772646139114
USER	Kafka load test	START	1772646139218
REQUEST		Dummy request	1772646139217	1772646139219	KO	j.n.ConnectException: Connection refused
USER	Kafka load test	END	1772646139219
USER	Kafka load test	START	1772646139314
REQUEST		Dummy request	1772646139313	1772646139314	KO	j.n.ConnectException: Connection refused
USER	Kafka load test	END	1772646139315
USER	Kafka load test	START	1772646139415
REQUEST		Dummy request	1772646139414	1772646139415	KO	j.n.ConnectException: Connection refused
USER	Kafka load test	END	1772646139416
USER	Kafka load test	START	1772646139514
REQUEST		Dummy request	1772646139513	1772646139514	KO	j.n.ConnectException: Connection refused
USER	Kafka load test	END	1772646139515
USER	Kafka load test	START	1772646139615
REQUEST		Dummy request	1772646139614	1772646139615	KO	j.n.ConnectException: Connection refused
USER	Kafka load test	END	1772646139615
USER	Kafka load test	START	1772646139713
REQUEST		Dummy request	1772646139712	1772646139713	KO	j.n.ConnectException: Connection refused
USER	Kafka load test	END	1772646139713
USER	Kafka load test	START	1772646139811
REQUEST		Dummy request	1772646139811	1772646139812	KO	j.n.ConnectException: Connection refused
USER	Kafka load test	END	1772646139812
USER	Kafka load test	START	1772646139913
REQUEST		Dummy request	1772646139912	1772646139913	KO	j.n.ConnectException: Connection refused
USER	Kafka load test	END	1772646139913
USER	Kafka load test	START	1772646140012
REQUEST		Dummy request	1772646140011	1772646140012	KO	j.n.ConnectException: Connection refused
USER	Kafka load test	END	1772646140012
USER	Kafka load test	START	1772646140111
REQUEST		Dummy request	1772646140110	1772646140111	KO	j.n.ConnectException: Connection refused
USER	Kafka load test	END	1772646140111
USER	Kafka load test	START	1772646140211
REQUEST		Dummy request	1772646140211	1772646140212	KO	j.n.ConnectException: Connection refused
USER	Kafka load test	END	1772646140212
USER	Kafka load test	START	1772646140313
REQUEST		Dummy request	1772646140313	1772646140314	KO	j.n.ConnectException: Connection refused
USER	Kafka load test	END	1772646140314
USER	Kafka load test	START	1772646140412
REQUEST		Dummy request	1772646140412	1772646140413	KO	j.n.ConnectException: Connection refused
USER	Kafka load test	END	1772646140413
USER	Kafka load test	START	1772646140513
REQUEST		Dummy request	1772646140512	1772646140513	KO	j.n.ConnectException: Connection refused
USER	Kafka load test	END	1772646140513
USER	Kafka load test	START	1772646140613
REQUEST		Dummy request	1772646140612	1772646140613	KO	j.n.ConnectException: Connection refused
USER	Kafka load test	END	1772646140615
USER	Kafka load test	START	1772646140711
REQUEST		Dummy request	1772646140710	1772646140711	KO	j.n.ConnectException: Connection refused
USER	Kafka load test	END	1772646140712
USER	Kafka load test	START	1772646140812
REQUEST		Dummy request	1772646140812	1772646140813	KO	j.n.ConnectException: Connection refused
USER	Kafka load test	END	1772646140813
USER	Kafka load test	START	1772646140912
REQUEST		Dummy request	1772646140912	1772646140912	KO	j.n.ConnectException: Connection refused
USER	Kafka load test	END	1772646140913
USER	Kafka load test	START	1772646141011
REQUEST		Dummy request	1772646141011	1772646141012	KO	j.n.ConnectException: Connection refused
USER	Kafka load test	END	1772646141012
USER	Kafka load test	START	1772646141112
REQUEST		Dummy request	1772646141111	1772646141112	KO	j.n.ConnectException: Connection refused
USER	Kafka load test	END	1772646141112
USER	Kafka load test	START	1772646141213
REQUEST		Dummy request	1772646141213	1772646141214	KO	j.n.ConnectException: Connection refused
USER	Kafka load test	END	1772646141215
USER	Kafka load test	START	1772646141311
REQUEST		Dummy request	1772646141311	1772646141312	KO	j.n.ConnectException: Connection refused
USER	Kafka load test	END	1772646141312
USER	Kafka load test	START	1772646141414
REQUEST		Dummy request	1772646141413	1772646141414	KO	j.n.ConnectException: Connection refused
USER	Kafka load test	END	1772646141415
USER	Kafka load test	START	1772646141516
REQUEST		Dummy request	1772646141514	1772646141516	KO	j.n.ConnectException: Connection refused
USER	Kafka load test	END	1772646141517
USER	Kafka load test	START	1772646141613
REQUEST		Dummy request	1772646141613	1772646141614	KO	j.n.ConnectException: Connection refused
USER	Kafka load test	END	1772646141614
USER	Kafka load test	START	1772646141711
REQUEST		Dummy request	1772646141711	1772646141712	KO	j.n.ConnectException: Connection refused
USER	Kafka load test	END	1772646141713
USER	Kafka load test	START	1772646141812
REQUEST		Dummy request	1772646141812	1772646141813	KO	j.n.ConnectException: Connection refused
USER	Kafka load test	END	1772646141813
USER	Kafka load test	START	1772646141917
REQUEST		Dummy request	1772646141916	1772646141917	KO	j.n.ConnectException: Connection refused
USER	Kafka load test	END	1772646141918
USER	Kafka load test	START	1772646142013
REQUEST		Dummy request	1772646142013	1772646142013	KO	j.n.ConnectException: Connection refused
USER	Kafka load test	END	1772646142014
USER	Kafka load test	START	1772646142114
REQUEST		Dummy request	1772646142113	1772646142114	KO	j.n.ConnectException: Connection refused
USER	Kafka load test	END	1772646142115
USER	Kafka load test	START	1772646142215
REQUEST		Dummy request	1772646142215	1772646142216	KO	j.n.ConnectException: Connection refused
USER	Kafka load test	END	1772646142216
USER	Kafka load test	START	1772646142318
REQUEST		Dummy request	1772646142317	1772646142318	KO	j.n.ConnectException: Connection refused
USER	Kafka load test	END	1772646142319
USER	Kafka load test	START	1772646142418
REQUEST		Dummy request	1772646142417	1772646142419	KO	j.n.ConnectException: Connection refused
USER	Kafka load test	END	1772646142419
USER	Kafka load test	START	1772646142511
REQUEST		Dummy request	1772646142510	1772646142511	KO	j.n.ConnectException: Connection refused
USER	Kafka load test	END	1772646142512
USER	Kafka load test	START	1772646142614
REQUEST		Dummy request	1772646142614	1772646142614	KO	j.n.ConnectException: Connection refused
USER	Kafka load test	END	1772646142615
USER	Kafka load test	START	1772646142711
REQUEST		Dummy request	1772646142710	1772646142711	KO	j.n.ConnectException: Connection refused
USER	Kafka load test	END	1772646142711
USER	Kafka load test	START	1772646142814
REQUEST		Dummy request	1772646142814	1772646142814	KO	j.n.ConnectException: Connection refused
USER	Kafka load test	END	1772646142815
USER	Kafka load test	START	1772646142911
REQUEST		Dummy request	1772646142911	1772646142912	KO	j.n.ConnectException: Connection refused
USER	Kafka load test	END	1772646142912
USER	Kafka load test	START	1772646143021
REQUEST		Dummy request	1772646143020	1772646143021	KO	j.n.ConnectException: Connection refused
USER	Kafka load test	END	1772646143022
USER	Kafka load test	START	1772646143112
REQUEST		Dummy request	1772646143111	1772646143112	KO	j.n.ConnectException: Connection refused
USER	Kafka load test	END	1772646143112
USER	Kafka load test	START	1772646143213
REQUEST		Dummy request	1772646143213	1772646143214	KO	j.n.ConnectException: Connection refused
USER	Kafka load test	END	1772646143214
USER	Kafka load test	START	1772646143313
REQUEST		Dummy request	1772646143312	1772646143313	KO	j.n.ConnectException: Connection refused
USER	Kafka load test	END	1772646143314
USER	Kafka load test	START	1772646143442
REQUEST		Dummy request	1772646143442	1772646143442	KO	j.n.ConnectException: Connection refused
USER	Kafka load test	END	1772646143450
USER	Kafka load test	START	1772646143517
REQUEST		Dummy request	1772646143516	1772646143517	KO	j.n.ConnectException: Connection refused
USER	Kafka load test	END	1772646143517
USER	Kafka load test	START	1772646143616
REQUEST		Dummy request	1772646143616	1772646143617	KO	j.n.ConnectException: Connection refused
USER	Kafka load test	END	1772646143617
USER	Kafka load test	START	1772646143710
REQUEST		Dummy request	1772646143710	1772646143711	KO	j.n.ConnectException: Connection refused
USER	Kafka load test	END	1772646143711
USER	Kafka load test	START	1772646143810
REQUEST		Dummy request	1772646143809	1772646143810	KO	j.n.ConnectException: Connection refused
USER	Kafka load test	END	1772646143810
USER	Kafka load test	START	1772646143916
REQUEST		Dummy request	1772646143916	1772646143917	KO	j.n.ConnectException: Connection refused
USER	Kafka load test	END	1772646143917
USER	Kafka load test	START	1772646144011
REQUEST		Dummy request	1772646144011	1772646144011	KO	j.n.ConnectException: Connection refused
USER	Kafka load test	END	1772646144012
USER	Kafka load test	START	1772646144111
REQUEST		Dummy request	1772646144111	1772646144111	KO	j.n.ConnectException: Connection refused
USER	Kafka load test	END	1772646144111
USER	Kafka load test	START	1772646144215
REQUEST		Dummy request	1772646144214	1772646144216	KO	j.n.ConnectException: Connection refused
USER	Kafka load test	END	1772646144216
USER	Kafka load test	START	1772646144310
REQUEST		Dummy request	1772646144309	1772646144310	KO	j.n.ConnectException: Connection refused
USER	Kafka load test	END	1772646144310
USER	Kafka load test	START	1772646144413
REQUEST		Dummy request	1772646144412	1772646144413	KO	j.n.ConnectException: Connection refused
USER	Kafka load test	END	1772646144413
USER	Kafka load test	START	1772646144511
REQUEST		Dummy request	1772646144511	1772646144511	KO	j.n.ConnectException: Connection refused
USER	Kafka load test	END	1772646144512
USER	Kafka load test	START	1772646144615
REQUEST		Dummy request	1772646144614	1772646144615	KO	j.n.ConnectException: Connection refused
USER	Kafka load test	END	1772646144615
USER	Kafka load test	START	1772646144710
REQUEST		Dummy request	1772646144709	1772646144710	KO	j.n.ConnectException: Connection refused
USER	Kafka load test	END	1772646144710
USER	Kafka load test	START	1772646144810
REQUEST		Dummy request	1772646144810	1772646144811	KO	j.n.ConnectException: Connection refused
USER	Kafka load test	END	1772646144811
USER	Kafka load test	START	1772646144912
REQUEST		Dummy request	1772646144912	1772646144912	KO	j.n.ConnectException: Connection refused
USER	Kafka load test	END	1772646144913
USER	Kafka load test	START	1772646145011
REQUEST		Dummy request	1772646145010	1772646145011	KO	j.n.ConnectException: Connection refused
USER	Kafka load test	END	1772646145011
USER	Kafka load test	START	1772646145113
REQUEST		Dummy request	1772646145112	1772646145113	KO	j.n.ConnectException: Connection refused
USER	Kafka load test	END	1772646145113
USER	Kafka load test	START	1772646145213
REQUEST		Dummy request	1772646145212	1772646145213	KO	j.n.ConnectException: Connection refused
USER	Kafka load test	END	1772646145213
USER	Kafka load test	START	1772646145315
REQUEST		Dummy request	1772646145315	1772646145316	KO	j.n.ConnectException: Connection refused
USER	Kafka load test	END	1772646145316
USER	Kafka load test	START	1772646145433
REQUEST		Dummy request	1772646145432	1772646145433	KO	j.n.ConnectException: Connection refused
USER	Kafka load test	END	1772646145434
USER	Kafka load test	START	1772646145530
REQUEST		Dummy request	1772646145529	1772646145530	KO	j.n.ConnectException: Connection refused
USER	Kafka load test	END	1772646145532
USER	Kafka load test	START	1772646145623
REQUEST		Dummy request	1772646145622	1772646145623	KO	j.n.ConnectException: Connection refused
USER	Kafka load test	END	1772646145624
USER	Kafka load test	START	1772646145712
REQUEST		Dummy request	1772646145711	1772646145712	KO	j.n.ConnectException: Connection refused
USER	Kafka load test	END	1772646145712
USER	Kafka load test	START	1772646145814
REQUEST		Dummy request	1772646145814	1772646145815	KO	j.n.ConnectException: Connection refused
USER	Kafka load test	END	1772646145815
USER	Kafka load test	START	1772646145913
REQUEST		Dummy request	1772646145912	1772646145913	KO	j.n.ConnectException: Connection refused
USER	Kafka load test	END	1772646145914
USER	Kafka load test	START	1772646146010
REQUEST		Dummy request	1772646146010	1772646146011	KO	j.n.ConnectException: Connection refused
USER	Kafka load test	END	1772646146011
USER	Kafka load test	START	1772646146112
REQUEST		Dummy request	1772646146112	1772646146113	KO	j.n.ConnectException: Connection refused
USER	Kafka load test	END	1772646146113
USER	Kafka load test	START	1772646146211
REQUEST		Dummy request	1772646146211	1772646146212	KO	j.n.ConnectException: Connection refused
USER	Kafka load test	END	1772646146212
USER	Kafka load test	START	1772646146312
REQUEST		Dummy request	1772646146311	1772646146312	KO	j.n.ConnectException: Connection refused
USER	Kafka load test	END	1772646146312
USER	Kafka load test	START	1772646146429
REQUEST		Dummy request	1772646146428	1772646146429	KO	j.n.ConnectException: Connection refused
USER	Kafka load test	END	1772646146429
USER	Kafka load test	START	1772646146511
REQUEST		Dummy request	1772646146511	1772646146512	KO	j.n.ConnectException: Connection refused
USER	Kafka load test	END	1772646146512
USER	Kafka load test	START	1772646146613
REQUEST		Dummy request	1772646146613	1772646146613	KO	j.n.ConnectException: Connection refused
USER	Kafka load test	END	1772646146614
USER	Kafka load test	START	1772646146713
REQUEST		Dummy request	1772646146713	1772646146713	KO	j.n.ConnectException: Connection refused
USER	Kafka load test	END	1772646146714
USER	Kafka load test	START	1772646146817
REQUEST		Dummy request	1772646146817	1772646146817	KO	j.n.ConnectException: Connection refused
USER	Kafka load test	END	1772646146818
USER	Kafka load test	START	1772646146916
REQUEST		Dummy request	1772646146915	1772646146916	KO	j.n.ConnectException: Connection refused
USER	Kafka load test	END	1772646146916
USER	Kafka load test	START	1772646147010
REQUEST		Dummy request	1772646147009	1772646147010	KO	j.n.ConnectException: Connection refused
USER	Kafka load test	END	1772646147011
USER	Kafka load test	START	1772646147110
REQUEST		Dummy request	1772646147110	1772646147111	KO	j.n.ConnectException: Connection refused
USER	Kafka load test	END	1772646147111
USER	Kafka load test	START	1772646147215
REQUEST		Dummy request	1772646147214	1772646147215	KO	j.n.ConnectException: Connection refused
USER	Kafka load test	END	1772646147216
USER	Kafka load test	START	1772646147317
REQUEST		Dummy request	1772646147317	1772646147318	KO	j.n.ConnectException: Connection refused
USER	Kafka load test	END	1772646147318
USER	Kafka load test	START	1772646147412
REQUEST		Dummy request	1772646147411	1772646147412	KO	j.n.ConnectException: Connection refused
USER	Kafka load test	END	1772646147412
USER	Kafka load test	START	1772646147511
REQUEST		Dummy request	1772646147511	1772646147512	KO	j.n.ConnectException: Connection refused
USER	Kafka load test	END	1772646147512
USER	Kafka load test	START	1772646147611
REQUEST		Dummy request	1772646147611	1772646147612	KO	j.n.ConnectException: Connection refused
USER	Kafka load test	END	1772646147612
USER	Kafka load test	START	1772646147715
REQUEST		Dummy request	1772646147714	1772646147715	KO	j.n.ConnectException: Connection refused
USER	Kafka load test	END	1772646147715
USER	Kafka load test	START	1772646147811
REQUEST		Dummy request	1772646147811	1772646147812	KO	j.n.ConnectException: Connection refused
USER	Kafka load test	END	1772646147814
USER	Kafka load test	START	1772646147911
REQUEST		Dummy request	1772646147910	1772646147911	KO	j.n.ConnectException: Connection refused
USER	Kafka load test	END	1772646147911
USER	Kafka load test	START	1772646148022
REQUEST		Dummy request	1772646148021	1772646148022	KO	j.n.ConnectException: Connection refused
USER	Kafka load test	END	1772646148024
USER	Kafka load test	START	1772646148112
REQUEST		Dummy request	1772646148111	1772646148112	KO	j.n.ConnectException: Connection refused
USER	Kafka load test	END	1772646148113
USER	Kafka load test	START	1772646148213
REQUEST		Dummy request	1772646148213	1772646148214	KO	j.n.ConnectException: Connection refused
USER	Kafka load test	END	1772646148214
USER	Kafka load test	START	1772646148314
REQUEST		Dummy request	1772646148314	1772646148314	KO	j.n.ConnectException: Connection refused
USER	Kafka load test	END	1772646148315
USER	Kafka load test	START	1772646148412
REQUEST		Dummy request	1772646148412	1772646148413	KO	j.n.ConnectException: Connection refused
USER	Kafka load test	END	1772646148413
USER	Kafka load test	START	1772646148512
REQUEST		Dummy request	1772646148511	1772646148512	KO	j.n.ConnectException: Connection refused
USER	Kafka load test	END	1772646148513
USER	Kafka load test	START	1772646148614
REQUEST		Dummy request	1772646148613	1772646148614	KO	j.n.ConnectException: Connection refused
USER	Kafka load test	END	1772646148614
USER	Kafka load test	START	1772646148712
REQUEST		Dummy request	1772646148711	1772646148712	KO	j.n.ConnectException: Connection refused
USER	Kafka load test	END	1772646148714
USER	Kafka load test	START	1772646148812
REQUEST		Dummy request	1772646148811	1772646148812	KO	j.n.ConnectException: Connection refused
USER	Kafka load test	END	1772646148812
USER	Kafka load test	START	1772646148912
REQUEST		Dummy request	1772646148911	1772646148912	KO	j.n.ConnectException: Connection refused
USER	Kafka load test	END	1772646148912
USER	Kafka load test	START	1772646149016
REQUEST		Dummy request	1772646149015	1772646149016	KO	j.n.ConnectException: Connection refused
USER	Kafka load test	END	1772646149016
USER	Kafka load test	START	1772646149116
REQUEST		Dummy request	1772646149116	1772646149117	KO	j.n.ConnectException: Connection refused
USER	Kafka load test	END	1772646149118
USER	Kafka load test	START	1772646149213
REQUEST		Dummy request	1772646149213	1772646149214	KO	j.n.ConnectException: Connection refused
USER	Kafka load test	END	1772646149214
USER	Kafka load test	START	1772646149313
REQUEST		Dummy request	1772646149313	1772646149313	KO	j.n.ConnectException: Connection refused
USER	Kafka load test	END	1772646149314
USER	Kafka load test	START	1772646149413
REQUEST		Dummy request	1772646149413	1772646149414	KO	j.n.ConnectException: Connection refused
USER	Kafka load test	END	1772646149414
USER	Kafka load test	START	1772646149512
REQUEST		Dummy request	1772646149512	1772646149513	KO	j.n.ConnectException: Connection refused
USER	Kafka load test	END	1772646149513
USER	Kafka load test	START	1772646149619
REQUEST		Dummy request	1772646149618	1772646149619	KO	j.n.ConnectException: Connection refused
USER	Kafka load test	END	1772646149620
USER	Kafka load test	START	1772646149711
REQUEST		Dummy request	1772646149709	1772646149711	KO	j.n.ConnectException: Connection refused
USER	Kafka load test	END	1772646149712
USER	Kafka load test	START	1772646149812
REQUEST		Dummy request	1772646149812	1772646149813	KO	j.n.ConnectException: Connection refused
USER	Kafka load test	END	1772646149813
USER	Kafka load test	START	1772646149912
REQUEST		Dummy request	1772646149912	1772646149912	KO	j.n.ConnectException: Connection refused
USER	Kafka load test	END	1772646149913
USER	Kafka load test	START	1772646150012
REQUEST		Dummy request	1772646150012	1772646150013	KO	j.n.ConnectException: Connection refused
USER	Kafka load test	END	1772646150013
USER	Kafka load test	START	1772646150110
REQUEST		Dummy request	1772646150109	1772646150110	KO	j.n.ConnectException: Connection refused
USER	Kafka load test	END	1772646150112
USER	Kafka load test	START	1772646150212
REQUEST		Dummy request	1772646150212	1772646150213	KO	j.n.ConnectException: Connection refused
USER	Kafka load test	END	1772646150213
USER	Kafka load test	START	1772646150311
REQUEST		Dummy request	1772646150311	1772646150312	KO	j.n.ConnectException: Connection refused
USER	Kafka load test	END	1772646150312
USER	Kafka load test	START	1772646150412
REQUEST		Dummy request	1772646150412	1772646150412	KO	j.n.ConnectException: Connection refused
USER	Kafka load test	END	1772646150413
USER	Kafka load test	START	1772646150512
REQUEST		Dummy request	1772646150512	1772646150513	KO	j.n.ConnectException: Connection refused
USER	Kafka load test	END	1772646150513
USER	Kafka load test	START	1772646150773
REQUEST		Dummy request	1772646150773	1772646150775	KO	j.n.ConnectException: Connection refused
USER	Kafka load test	END	1772646150777
USER	Kafka load test	START	1772646150828
REQUEST		Dummy request	1772646150828	1772646150828	KO	j.n.ConnectException: Connection refused
USER	Kafka load test	END	1772646150829
USER	Kafka load test	START	1772646150866
REQUEST		Dummy request	1772646150866	1772646150866	KO	j.n.ConnectException: Connection refused
USER	Kafka load test	END	1772646150867
USER	Kafka load test	START	1772646150995
REQUEST		Dummy request	1772646150994	1772646150995	KO	j.n.ConnectException: Connection refused
USER	Kafka load test	END	1772646150995
USER	Kafka load test	START	1772646151011
REQUEST		Dummy request	1772646151011	1772646151012	KO	j.n.ConnectException: Connection refused
USER	Kafka load test	END	1772646151012
USER	Kafka load test	START	1772646151114
REQUEST		Dummy request	1772646151114	1772646151115	KO	j.n.ConnectException: Connection refused
USER	Kafka load test	END	1772646151115
USER	Kafka load test	START	1772646151216
REQUEST		Dummy request	1772646151215	1772646151216	KO	j.n.ConnectException: Connection refused
USER	Kafka load test	END	1772646151217
USER	Kafka load test	START	1772646151315
REQUEST		Dummy request	1772646151313	1772646151316	KO	j.n.ConnectException: Connection refused
USER	Kafka load test	END	1772646151317
USER	Kafka load test	START	1772646151418
REQUEST		Dummy request	1772646151417	1772646151418	KO	j.n.ConnectException: Connection refused
USER	Kafka load test	END	1772646151420
USER	Kafka load test	START	1772646151518
REQUEST		Dummy request	1772646151517	1772646151518	KO	j.n.ConnectException: Connection refused
USER	Kafka load test	END	1772646151519
USER	Kafka load test	START	1772646151615
REQUEST		Dummy request	1772646151615	1772646151615	KO	j.n.ConnectException: Connection refused
USER	Kafka load test	END	1772646151616
USER	Kafka load test	START	1772646151716
REQUEST		Dummy request	1772646151716	1772646151717	KO	j.n.ConnectException: Connection refused
USER	Kafka load test	END	1772646151717
USER	Kafka load test	START	1772646151813
REQUEST		Dummy request	1772646151813	1772646151814	KO	j.n.ConnectException: Connection refused
USER	Kafka load test	END	1772646151815
USER	Kafka load test	START	1772646151913
REQUEST		Dummy request	1772646151912	1772646151913	KO	j.n.ConnectException: Connection refused
USER	Kafka load test	END	1772646151914
USER	Kafka load test	START	1772646152015
REQUEST		Dummy request	1772646152014	1772646152015	KO	j.n.ConnectException: Connection refused
USER	Kafka load test	END	1772646152015
USER	Kafka load test	START	1772646152112
REQUEST		Dummy request	1772646152112	1772646152113	KO	j.n.ConnectException: Connection refused
USER	Kafka load test	END	1772646152113
USER	Kafka load test	START	1772646152218
REQUEST		Dummy request	1772646152216	1772646152219	KO	j.n.ConnectException: Connection refused
USER	Kafka load test	END	1772646152219
USER	Kafka load test	START	1772646152313
REQUEST		Dummy request	1772646152313	1772646152314	KO	j.n.ConnectException: Connection refused
USER	Kafka load test	END	1772646152314
USER	Kafka load test	START	1772646152413
REQUEST		Dummy request	1772646152413	1772646152413	KO	j.n.ConnectException: Connection refused
USER	Kafka load test	END	1772646152414
USER	Kafka load test	START	1772646152515
REQUEST		Dummy request	1772646152514	1772646152515	KO	j.n.ConnectException: Connection refused
USER	Kafka load test	END	1772646152515
USER	Kafka load test	START	1772646152617
REQUEST		Dummy request	1772646152616	1772646152617	KO	j.n.ConnectException: Connection refused
USER	Kafka load test	END	1772646152617
USER	Kafka load test	START	1772646152714
REQUEST		Dummy request	1772646152713	1772646152715	KO	j.n.ConnectException: Connection refused
USER	Kafka load test	END	1772646152716
USER	Kafka load test	START	1772646152877
REQUEST		Dummy request	1772646152877	1772646152878	KO	j.n.ConnectException: Connection refused
USER	Kafka load test	END	1772646152881
USER	Kafka load test	START	1772646152968
REQUEST		Dummy request	1772646152968	1772646152969	KO	j.n.ConnectException: Connection refused
USER	Kafka load test	END	1772646152973
USER	Kafka load test	START	1772646153133
REQUEST		Dummy request	1772646153132	1772646153133	KO	j.n.ConnectException: Connection refused
USER	Kafka load test	END	1772646153133
USER	Kafka load test	START	1772646153143
REQUEST		Dummy request	1772646153142	1772646153146	KO	j.n.ConnectException: Connection refused
USER	Kafka load test	END	1772646153146
USER	Kafka load test	START	1772646153229
REQUEST		Dummy request	1772646153228	1772646153229	KO	j.n.ConnectException: Connection refused
USER	Kafka load test	END	1772646153229
USER	Kafka load test	START	1772646153317
REQUEST		Dummy request	1772646153316	1772646153317	KO	j.n.ConnectException: Connection refused
USER	Kafka load test	END	1772646153317
USER	Kafka load test	START	1772646153415
REQUEST		Dummy request	1772646153413	1772646153415	KO	j.n.ConnectException: Connection refused
USER	Kafka load test	END	1772646153416
USER	Kafka load test	START	1772646153514
REQUEST		Dummy request	1772646153514	1772646153514	KO	j.n.ConnectException: Connection refused
USER	Kafka load test	END	1772646153515
USER	Kafka load test	START	1772646153621
REQUEST		Dummy request	1772646153620	1772646153622	KO	j.n.ConnectException: Connection refused
USER	Kafka load test	END	1772646153622
USER	Kafka load test	START	1772646153715
REQUEST		Dummy request	1772646153715	1772646153716	KO	j.n.ConnectException: Connection refused
USER	Kafka load test	END	1772646153716
USER	Kafka load test	START	1772646153816
REQUEST		Dummy request	1772646153815	1772646153816	KO	j.n.ConnectException: Connection refused
USER	Kafka load test	END	1772646153817
USER	Kafka load test	START	1772646153913
REQUEST		Dummy request	1772646153913	1772646153914	KO	j.n.ConnectException: Connection refused
USER	Kafka load test	END	1772646153915
USER	Kafka load test	START	1772646154010
REQUEST		Dummy request	1772646154010	1772646154011	KO	j.n.ConnectException: Connection refused
USER	Kafka load test	END	1772646154011
USER	Kafka load test	START	1772646154110
REQUEST		Dummy request	1772646154109	1772646154110	KO	j.n.ConnectException: Connection refused
USER	Kafka load test	END	1772646154111
USER	Kafka load test	START	1772646154211
REQUEST		Dummy request	1772646154211	1772646154212	KO	j.n.ConnectException: Connection refused
USER	Kafka load test	END	1772646154212
USER	Kafka load test	START	1772646154313
REQUEST		Dummy request	1772646154312	1772646154313	KO	j.n.ConnectException: Connection refused
USER	Kafka load test	END	1772646154314
USER	Kafka load test	START	1772646154413
REQUEST		Dummy request	1772646154413	1772646154413	KO	j.n.ConnectException: Connection refused
USER	Kafka load test	END	1772646154414
USER	Kafka load test	START	1772646154518
REQUEST		Dummy request	1772646154518	1772646154519	KO	j.n.ConnectException: Connection refused
USER	Kafka load test	END	1772646154519
USER	Kafka load test	START	1772646154611
REQUEST		Dummy request	1772646154611	1772646154611	KO	j.n.ConnectException: Connection refused
USER	Kafka load test	END	1772646154612
USER	Kafka load test	START	1772646154711
REQUEST		Dummy request	1772646154711	1772646154712	KO	j.n.ConnectException: Connection refused
USER	Kafka load test	END	1772646154712
USER	Kafka load test	START	1772646154813
REQUEST		Dummy request	1772646154813	1772646154813	KO	j.n.ConnectException: Connection refused
USER	Kafka load test	END	1772646154814
USER	Kafka load test	START	1772646154913
REQUEST		Dummy request	1772646154913	1772646154914	KO	j.n.ConnectException: Connection refused
USER	Kafka load test	END	1772646154916
USER	Kafka load test	START	1772646155011
REQUEST		Dummy request	1772646155011	1772646155012	KO	j.n.ConnectException: Connection refused
USER	Kafka load test	END	1772646155012
USER	Kafka load test	START	1772646155112
REQUEST		Dummy request	1772646155111	1772646155112	KO	j.n.ConnectException: Connection refused
USER	Kafka load test	END	1772646155112
USER	Kafka load test	START	1772646155211
REQUEST		Dummy request	1772646155211	1772646155212	KO	j.n.ConnectException: Connection refused
USER	Kafka load test	END	1772646155212
USER	Kafka load test	START	1772646155311
REQUEST		Dummy request	1772646155311	1772646155312	KO	j.n.ConnectException: Connection refused
USER	Kafka load test	END	1772646155312
USER	Kafka load test	START	1772646155412
REQUEST		Dummy request	1772646155412	1772646155412	KO	j.n.ConnectException: Connection refused
USER	Kafka load test	END	1772646155413
USER	Kafka load test	START	1772646155510
REQUEST		Dummy request	1772646155510	1772646155511	KO	j.n.ConnectException: Connection refused
USER	Kafka load test	END	1772646155511
USER	Kafka load test	START	1772646155614
REQUEST		Dummy request	1772646155614	1772646155615	KO	j.n.ConnectException: Connection refused
USER	Kafka load test	END	1772646155615
USER	Kafka load test	START	1772646155711
REQUEST		Dummy request	1772646155711	1772646155712	KO	j.n.ConnectException: Connection refused
USER	Kafka load test	END	1772646155712
USER	Kafka load test	START	1772646155813
REQUEST		Dummy request	1772646155813	1772646155814	KO	j.n.ConnectException: Connection refused
USER	Kafka load test	END	1772646155814
USER	Kafka load test	START	1772646155913
REQUEST		Dummy request	1772646155912	1772646155913	KO	j.n.ConnectException: Connection refused
USER	Kafka load test	END	1772646155914
USER	Kafka load test	START	1772646156013
REQUEST		Dummy request	1772646156012	1772646156013	KO	j.n.ConnectException: Connection refused
USER	Kafka load test	END	1772646156013
USER	Kafka load test	START	1772646156111
REQUEST		Dummy request	1772646156111	1772646156112	KO	j.n.ConnectException: Connection refused
USER	Kafka load test	END	1772646156112
USER	Kafka load test	START	1772646156211
REQUEST		Dummy request	1772646156210	1772646156211	KO	j.n.ConnectException: Connection refused
USER	Kafka load test	END	1772646156211
USER	Kafka load test	START	1772646156313
REQUEST		Dummy request	1772646156312	1772646156313	KO	j.n.ConnectException: Connection refused
USER	Kafka load test	END	1772646156313
USER	Kafka load test	START	1772646156412
REQUEST		Dummy request	1772646156412	1772646156412	KO	j.n.ConnectException: Connection refused
USER	Kafka load test	END	1772646156413
USER	Kafka load test	START	1772646156512
REQUEST		Dummy request	1772646156511	1772646156512	KO	j.n.ConnectException: Connection refused
USER	Kafka load test	END	1772646156512
USER	Kafka load test	START	1772646156618
REQUEST		Dummy request	1772646156617	1772646156618	KO	j.n.ConnectException: Connection refused
USER	Kafka load test	END	1772646156619
USER	Kafka load test	START	1772646156712
REQUEST		Dummy request	1772646156712	1772646156713	KO	j.n.ConnectException: Connection refused
USER	Kafka load test	END	1772646156713
USER	Kafka load test	START	1772646156812
REQUEST		Dummy request	1772646156811	1772646156812	KO	j.n.ConnectException: Connection refused
USER	Kafka load test	END	1772646156813
USER	Kafka load test	START	1772646156913
REQUEST		Dummy request	1772646156912	1772646156913	KO	j.n.ConnectException: Connection refused
USER	Kafka load test	END	1772646156914
USER	Kafka load test	START	1772646157012
REQUEST		Dummy request	1772646157012	1772646157013	KO	j.n.ConnectException: Connection refused
USER	Kafka load test	END	1772646157013
USER	Kafka load test	START	1772646157112
REQUEST		Dummy request	1772646157112	1772646157112	KO	j.n.ConnectException: Connection refused
USER	Kafka load test	END	1772646157113
USER	Kafka load test	START	1772646157214
REQUEST		Dummy request	1772646157213	1772646157214	KO	j.n.ConnectException: Connection refused
USER	Kafka load test	END	1772646157216
USER	Kafka load test	START	1772646157328
REQUEST		Dummy request	1772646157327	1772646157328	KO	j.n.ConnectException: Connection refused
USER	Kafka load test	END	1772646157329
USER	Kafka load test	START	1772646157413
REQUEST		Dummy request	1772646157412	1772646157413	KO	j.n.ConnectException: Connection refused
USER	Kafka load test	END	1772646157413
USER	Kafka load test	START	1772646157513
REQUEST		Dummy request	1772646157512	1772646157513	KO	j.n.ConnectException: Connection refused
USER	Kafka load test	END	1772646157514
USER	Kafka load test	START	1772646157619
REQUEST		Dummy request	1772646157619	1772646157620	KO	j.n.ConnectException: Connection refused
USER	Kafka load test	END	1772646157620
USER	Kafka load test	START	1772646157715
REQUEST		Dummy request	1772646157715	1772646157715	KO	j.n.ConnectException: Connection refused
USER	Kafka load test	END	1772646157716
USER	Kafka load test	START	1772646157811
REQUEST		Dummy request	1772646157811	1772646157812	KO	j.n.ConnectException: Connection refused
USER	Kafka load test	END	1772646157812
USER	Kafka load test	START	1772646157943
REQUEST		Dummy request	1772646157942	1772646157943	KO	j.n.ConnectException: Connection refused
USER	Kafka load test	END	1772646157945
USER	Kafka load test	START	1772646158024
REQUEST		Dummy request	1772646158024	1772646158025	KO	j.n.ConnectException: Connection refused
USER	Kafka load test	END	1772646158025
USER	Kafka load test	START	1772646158113
REQUEST		Dummy request	1772646158112	1772646158113	KO	j.n.ConnectException: Connection refused
USER	Kafka load test	END	1772646158113
USER	Kafka load test	START	1772646158212
REQUEST		Dummy request	1772646158211	1772646158212	KO	j.n.ConnectException: Connection refused
USER	Kafka load test	END	1772646158212
USER	Kafka load test	START	1772646158312
REQUEST		Dummy request	1772646158312	1772646158312	KO	j.n.ConnectException: Connection refused
USER	Kafka load test	END	1772646158312
USER	Kafka load test	START	1772646158416
REQUEST		Dummy request	1772646158415	1772646158416	KO	j.n.ConnectException: Connection refused
USER	Kafka load test	END	1772646158417
USER	Kafka load test	START	1772646158512
REQUEST		Dummy request	1772646158512	1772646158513	KO	j.n.ConnectException: Connection refused
USER	Kafka load test	END	1772646158513
USER	Kafka load test	START	1772646158614
REQUEST		Dummy request	1772646158614	1772646158614	KO	j.n.ConnectException: Connection refused
USER	Kafka load test	END	1772646158615
USER	Kafka load test	START	1772646158714
REQUEST		Dummy request	1772646158713	1772646158714	KO	j.n.ConnectException: Connection refused
USER	Kafka load test	END	1772646158714
USER	Kafka load test	START	1772646158811
REQUEST		Dummy request	1772646158810	1772646158811	KO	j.n.ConnectException: Connection refused
USER	Kafka load test	END	1772646158811
USER	Kafka load test	START	1772646158912
REQUEST		Dummy request	1772646158911	1772646158912	KO	j.n.ConnectException: Connection refused
USER	Kafka load test	END	1772646158912
USER	Kafka load test	START	1772646159012
REQUEST		Dummy request	1772646159011	1772646159012	KO	j.n.ConnectException: Connection refused
USER	Kafka load test	END	1772646159012
USER	Kafka load test	START	1772646159221
REQUEST		Dummy request	1772646159221	1772646159222	KO	j.n.ConnectException: Connection refused
USER	Kafka load test	END	1772646159222
USER	Kafka load test	START	1772646159226
REQUEST		Dummy request	1772646159226	1772646159227	KO	j.n.ConnectException: Connection refused
USER	Kafka load test	END	1772646159227
USER	Kafka load test	START	1772646159314
REQUEST		Dummy request	1772646159314	1772646159314	KO	j.n.ConnectException: Connection refused
USER	Kafka load test	END	1772646159315
USER	Kafka load test	START	1772646159412
REQUEST		Dummy request	1772646159412	1772646159413	KO	j.n.ConnectException: Connection refused
USER	Kafka load test	END	1772646159413
USER	Kafka load test	START	1772646159512
REQUEST		Dummy request	1772646159511	1772646159512	KO	j.n.ConnectException: Connection refused
USER	Kafka load test	END	1772646159513
USER	Kafka load test	START	1772646159647
REQUEST		Dummy request	1772646159646	1772646159647	KO	j.n.ConnectException: Connection refused
USER	Kafka load test	END	1772646159647
USER	Kafka load test	START	1772646159713
REQUEST		Dummy request	1772646159713	1772646159714	KO	j.n.ConnectException: Connection refused
USER	Kafka load test	END	1772646159714
USER	Kafka load test	START	1772646159812
REQUEST		Dummy request	1772646159811	1772646159812	KO	j.n.ConnectException: Connection refused
USER	Kafka load test	END	1772646159812
USER	Kafka load test	START	1772646159911
REQUEST		Dummy request	1772646159911	1772646159912	KO	j.n.ConnectException: Connection refused
USER	Kafka load test	END	1772646159912
USER	Kafka load test	START	1772646160012
REQUEST		Dummy request	1772646160012	1772646160013	KO	j.n.ConnectException: Connection refused
USER	Kafka load test	END	1772646160013
USER	Kafka load test	START	1772646160112
REQUEST		Dummy request	1772646160111	1772646160112	KO	j.n.ConnectException: Connection refused
USER	Kafka load test	END	1772646160113
USER	Kafka load test	START	1772646160213
REQUEST		Dummy request	1772646160213	1772646160213	KO	j.n.ConnectException: Connection refused
USER	Kafka load test	END	1772646160213
USER	Kafka load test	START	1772646160312
REQUEST		Dummy request	1772646160311	1772646160312	KO	j.n.ConnectException: Connection refused
USER	Kafka load test	END	1772646160313
USER	Kafka load test	START	1772646160413
REQUEST		Dummy request	1772646160412	1772646160413	KO	j.n.ConnectException: Connection refused
USER	Kafka load test	END	1772646160413
USER	Kafka load test	START	1772646160511
REQUEST		Dummy request	1772646160510	1772646160511	KO	j.n.ConnectException: Connection refused
USER	Kafka load test	END	1772646160512
USER	Kafka load test	START	1772646160612
REQUEST		Dummy request	1772646160611	1772646160613	KO	j.n.ConnectException: Connection refused
USER	Kafka load test	END	1772646160613
USER	Kafka load test	START	1772646160713
REQUEST		Dummy request	1772646160712	1772646160713	KO	j.n.ConnectException: Connection refused
USER	Kafka load test	END	1772646160714
USER	Kafka load test	START	1772646160812
REQUEST		Dummy request	1772646160812	1772646160813	KO	j.n.ConnectException: Connection refused
USER	Kafka load test	END	1772646160813
USER	Kafka load test	START	1772646160913
REQUEST		Dummy request	1772646160912	1772646160913	KO	j.n.ConnectException: Connection refused
USER	Kafka load test	END	1772646160914
USER	Kafka load test	START	1772646161020
REQUEST		Dummy request	1772646161020	1772646161022	KO	j.n.ConnectException: Connection refused
USER	Kafka load test	END	1772646161022
USER	Kafka load test	START	1772646161113
REQUEST		Dummy request	1772646161112	1772646161113	KO	j.n.ConnectException: Connection refused
USER	Kafka load test	END	1772646161113
USER	Kafka load test	START	1772646161216
REQUEST		Dummy request	1772646161215	1772646161216	KO	j.n.ConnectException: Connection refused
USER	Kafka load test	END	1772646161217
USER	Kafka load test	START	1772646161313
REQUEST		Dummy request	1772646161313	1772646161313	KO	j.n.ConnectException: Connection refused
USER	Kafka load test	END	1772646161314
USER	Kafka load test	START	1772646161412
REQUEST		Dummy request	1772646161412	1772646161413	KO	j.n.ConnectException: Connection refused
USER	Kafka load test	END	1772646161413
USER	Kafka load test	START	1772646161514
REQUEST		Dummy request	1772646161514	1772646161515	KO	j.n.ConnectException: Connection refused
USER	Kafka load test	END	1772646161515
USER	Kafka load test	START	1772646161617
REQUEST		Dummy request	1772646161617	1772646161618	KO	j.n.ConnectException: Connection refused
USER	Kafka load test	END	1772646161618
USER	Kafka load test	START	1772646161711
REQUEST		Dummy request	1772646161711	1772646161712	KO	j.n.ConnectException: Connection refused
USER	Kafka load test	END	1772646161712
USER	Kafka load test	START	1772646161815
REQUEST		Dummy request	1772646161815	1772646161815	KO	j.n.ConnectException: Connection refused
USER	Kafka load test	END	1772646161816
USER	Kafka load test	START	1772646161914
REQUEST		Dummy request	1772646161913	1772646161914	KO	j.n.ConnectException: Connection refused
USER	Kafka load test	END	1772646161915
USER	Kafka load test	START	1772646162014
REQUEST		Dummy request	1772646162013	1772646162014	KO	j.n.ConnectException: Connection refused
USER	Kafka load test	END	1772646162014
USER	Kafka load test	START	1772646162112
REQUEST		Dummy request	1772646162112	1772646162112	KO	j.n.ConnectException: Connection refused
USER	Kafka load test	END	1772646162114
USER	Kafka load test	START	1772646162211
REQUEST		Dummy request	1772646162211	1772646162212	KO	j.n.ConnectException: Connection refused
USER	Kafka load test	END	1772646162212
USER	Kafka load test	START	1772646162314
REQUEST		Dummy request	1772646162314	1772646162314	KO	j.n.ConnectException: Connection refused
USER	Kafka load test	END	1772646162315
USER	Kafka load test	START	1772646162522
REQUEST		Dummy request	1772646162521	1772646162522	KO	j.n.ConnectException: Connection refused
USER	Kafka load test	END	1772646162523
USER	Kafka load test	START	1772646162528
REQUEST		Dummy request	1772646162528	1772646162529	KO	j.n.ConnectException: Connection refused
USER	Kafka load test	END	1772646162529
USER	Kafka load test	START	1772646162615
REQUEST		Dummy request	1772646162614	1772646162615	KO	j.n.ConnectException: Connection refused
USER	Kafka load test	END	1772646162615
USER	Kafka load test	START	1772646162731
REQUEST		Dummy request	1772646162730	1772646162731	KO	j.n.ConnectException: Connection refused
USER	Kafka load test	END	1772646162731
USER	Kafka load test	START	1772646162811
REQUEST		Dummy request	1772646162810	1772646162811	KO	j.n.ConnectException: Connection refused
USER	Kafka load test	END	1772646162811
USER	Kafka load test	START	1772646162915
REQUEST		Dummy request	1772646162915	1772646162915	KO	j.n.ConnectException: Connection refused
USER	Kafka load test	END	1772646162916
USER	Kafka load test	START	1772646163017
REQUEST		Dummy request	1772646163016	1772646163017	KO	j.n.ConnectException: Connection refused
USER	Kafka load test	END	1772646163017
USER	Kafka load test	START	1772646163138
REQUEST		Dummy request	1772646163137	1772646163139	KO	j.n.ConnectException: Connection refused
USER	Kafka load test	END	1772646163140
USER	Kafka load test	START	1772646163217
REQUEST		Dummy request	1772646163216	1772646163217	KO	j.n.ConnectException: Connection refused
USER	Kafka load test	END	1772646163218
USER	Kafka load test	START	1772646163316
REQUEST		Dummy request	1772646163315	1772646163316	KO	j.n.ConnectException: Connection refused
USER	Kafka load test	END	1772646163316
USER	Kafka load test	START	1772646163412
REQUEST		Dummy request	1772646163412	1772646163412	KO	j.n.ConnectException: Connection refused
USER	Kafka load test	END	1772646163413
USER	Kafka load test	START	1772646163516
REQUEST		Dummy request	1772646163515	1772646163516	KO	j.n.ConnectException: Connection refused
USER	Kafka load test	END	1772646163516
USER	Kafka load test	START	1772646163618
REQUEST		Dummy request	1772646163617	1772646163618	KO	j.n.ConnectException: Connection refused
USER	Kafka load test	END	1772646163618
USER	Kafka load test	START	1772646163711
REQUEST		Dummy request	1772646163710	1772646163711	KO	j.n.ConnectException: Connection refused
USER	Kafka load test	END	1772646163712
USER	Kafka load test	START	1772646163813
REQUEST		Dummy request	1772646163812	1772646163814	KO	j.n.ConnectException: Connection refused
USER	Kafka load test	END	1772646163817
USER	Kafka load test	START	1772646164052
REQUEST		Dummy request	1772646164051	1772646164052	KO	j.n.ConnectException: Connection refused
USER	Kafka load test	START	1772646164052
REQUEST		Dummy request	1772646164052	1772646164053	KO	j.n.ConnectException: Connection refused
USER	Kafka load test	END	1772646164053
USER	Kafka load test	END	1772646164053
USER	Kafka load test	START	1772646164127
REQUEST		Dummy request	1772646164126	1772646164127	KO	j.n.ConnectException: Connection refused
USER	Kafka load test	END	1772646164127
USER	Kafka load test	START	1772646164234
REQUEST		Dummy request	1772646164233	1772646164234	KO	j.n.ConnectException: Connection refused
USER	Kafka load test	END	1772646164234
USER	Kafka load test	START	1772646164437
REQUEST		Dummy request	1772646164435	1772646164438	KO	j.n.ConnectException: Connection refused
USER	Kafka load test	END	1772646164438
USER	Kafka load test	START	1772646164511
REQUEST		Dummy request	1772646164510	1772646164511	KO	j.n.ConnectException: Connection refused
USER	Kafka load test	END	1772646164512
USER	Kafka load test	START	1772646164532
REQUEST		Dummy request	1772646164532	1772646164532	KO	j.n.ConnectException: Connection refused
USER	Kafka load test	END	1772646164533
USER	Kafka load test	START	1772646164612
REQUEST		Dummy request	1772646164611	1772646164612	KO	j.n.ConnectException: Connection refused
USER	Kafka load test	END	1772646164612
USER	Kafka load test	START	1772646164715
REQUEST		Dummy request	1772646164714	1772646164715	KO	j.n.ConnectException: Connection refused
USER	Kafka load test	END	1772646164716
USER	Kafka load test	START	1772646164816
REQUEST		Dummy request	1772646164816	1772646164817	KO	j.n.ConnectException: Connection refused
USER	Kafka load test	END	1772646164818
USER	Kafka load test	START	1772646164914
REQUEST		Dummy request	1772646164914	1772646164915	KO	j.n.ConnectException: Connection refused
USER	Kafka load test	END	1772646164916
USER	Kafka load test	START	1772646165016
REQUEST		Dummy request	1772646165015	1772646165016	KO	j.n.ConnectException: Connection refused
USER	Kafka load test	END	1772646165017
USER	Kafka load test	START	1772646165112
REQUEST		Dummy request	1772646165112	1772646165113	KO	j.n.ConnectException: Connection refused
USER	Kafka load test	END	1772646165113
USER	Kafka load test	START	1772646165214
REQUEST		Dummy request	1772646165214	1772646165215	KO	j.n.ConnectException: Connection refused
USER	Kafka load test	END	1772646165215
USER	Kafka load test	START	1772646165313
REQUEST		Dummy request	1772646165312	1772646165313	KO	j.n.ConnectException: Connection refused
USER	Kafka load test	END	1772646165313
USER	Kafka load test	START	1772646165413
REQUEST		Dummy request	1772646165412	1772646165413	KO	j.n.ConnectException: Connection refused
USER	Kafka load test	END	1772646165413
USER	Kafka load test	START	1772646165517
REQUEST		Dummy request	1772646165516	1772646165517	KO	j.n.ConnectException: Connection refused
USER	Kafka load test	END	1772646165518
USER	Kafka load test	START	1772646165632
REQUEST		Dummy request	1772646165632	1772646165633	KO	j.n.ConnectException: Connection refused
USER	Kafka load test	END	1772646165633
USER	Kafka load test	START	1772646165715
REQUEST		Dummy request	1772646165714	1772646165715	KO	j.n.ConnectException: Connection refused
USER	Kafka load test	END	1772646165716
USER	Kafka load test	START	1772646165812
REQUEST		Dummy request	1772646165811	1772646165812	KO	j.n.ConnectException: Connection refused
USER	Kafka load test	END	1772646165812
USER	Kafka load test	START	1772646165913
REQUEST		Dummy request	1772646165913	1772646165914	KO	j.n.ConnectException: Connection refused
USER	Kafka load test	END	1772646165914
USER	Kafka load test	START	1772646166015
REQUEST		Dummy request	1772646166015	1772646166016	KO	j.n.ConnectException: Connection refused
USER	Kafka load test	END	1772646166016
USER	Kafka load test	START	1772646166119
REQUEST		Dummy request	1772646166118	1772646166119	KO	j.n.ConnectException: Connection refused
USER	Kafka load test	END	1772646166119
USER	Kafka load test	START	1772646166213
REQUEST		Dummy request	1772646166213	1772646166214	KO	j.n.ConnectException: Connection refused
USER	Kafka load test	END	1772646166214
USER	Kafka load test	START	1772646166314
REQUEST		Dummy request	1772646166314	1772646166314	KO	j.n.ConnectException: Connection refused
USER	Kafka load test	END	1772646166314
USER	Kafka load test	START	1772646166413
REQUEST		Dummy request	1772646166413	1772646166413	KO	j.n.ConnectException: Connection refused
USER	Kafka load test	END	1772646166413
USER	Kafka load test	START	1772646166518
REQUEST		Dummy request	1772646166517	1772646166518	KO	j.n.ConnectException: Connection refused
USER	Kafka load test	END	1772646166518
USER	Kafka load test	START	1772646166626
REQUEST		Dummy request	1772646166624	1772646166626	KO	j.n.ConnectException: Connection refused
USER	Kafka load test	END	1772646166627
USER	Kafka load test	START	1772646166714
REQUEST		Dummy request	1772646166713	1772646166714	KO	j.n.ConnectException: Connection refused
USER	Kafka load test	END	1772646166714
USER	Kafka load test	START	1772646166812
REQUEST		Dummy request	1772646166812	1772646166813	KO	j.n.ConnectException: Connection refused
USER	Kafka load test	END	1772646166813
USER	Kafka load test	START	1772646166939
REQUEST		Dummy request	1772646166938	1772646166939	KO	j.n.ConnectException: Connection refused
USER	Kafka load test	END	1772646166940
USER	Kafka load test	START	1772646167054
REQUEST		Dummy request	1772646167054	1772646167055	KO	j.n.ConnectException: Connection refused
USER	Kafka load test	END	1772646167057
USER	Kafka load test	START	1772646167113
REQUEST		Dummy request	1772646167112	1772646167113	KO	j.n.ConnectException: Connection refused
USER	Kafka load test	END	1772646167113
USER	Kafka load test	START	1772646167211
REQUEST		Dummy request	1772646167211	1772646167211	KO	j.n.ConnectException: Connection refused
USER	Kafka load test	END	1772646167211
USER	Kafka load test	START	1772646167312
REQUEST		Dummy request	1772646167312	1772646167313	KO	j.n.ConnectException: Connection refused
USER	Kafka load test	END	1772646167313
USER	Kafka load test	START	1772646167413
REQUEST		Dummy request	1772646167413	1772646167413	KO	j.n.ConnectException: Connection refused
USER	Kafka load test	END	1772646167414
USER	Kafka load test	START	1772646167518
REQUEST		Dummy request	1772646167517	1772646167518	KO	j.n.ConnectException: Connection refused
USER	Kafka load test	END	1772646167518
USER	Kafka load test	START	1772646167619
REQUEST		Dummy request	1772646167619	1772646167620	KO	j.n.ConnectException: Connection refused
USER	Kafka load test	END	1772646167620
USER	Kafka load test	START	1772646167713
REQUEST		Dummy request	1772646167713	1772646167714	KO	j.n.ConnectException: Connection refused
USER	Kafka load test	END	1772646167714
USER	Kafka load test	START	1772646167821
REQUEST		Dummy request	1772646167820	1772646167821	KO	j.n.ConnectException: Connection refused
USER	Kafka load test	END	1772646167822
USER	Kafka load test	START	1772646167914
REQUEST		Dummy request	1772646167913	1772646167914	KO	j.n.ConnectException: Connection refused
USER	Kafka load test	END	1772646167916
USER	Kafka load test	START	1772646168011
REQUEST		Dummy request	1772646168011	1772646168011	KO	j.n.ConnectException: Connection refused
USER	Kafka load test	END	1772646168012
USER	Kafka load test	START	1772646168113
REQUEST		Dummy request	1772646168113	1772646168113	KO	j.n.ConnectException: Connection refused
USER	Kafka load test	END	1772646168114
USER	Kafka load test	START	1772646168216
REQUEST		Dummy request	1772646168215	1772646168216	KO	j.n.ConnectException: Connection refused
USER	Kafka load test	END	1772646168216
USER	Kafka load test	START	1772646168313
REQUEST		Dummy request	1772646168313	1772646168313	KO	j.n.ConnectException: Connection refused
USER	Kafka load test	END	1772646168314
USER	Kafka load test	START	1772646168412
REQUEST		Dummy request	1772646168412	1772646168412	KO	j.n.ConnectException: Connection refused
USER	Kafka load test	END	1772646168412
USER	Kafka load test	START	1772646168512
REQUEST		Dummy request	1772646168511	1772646168512	KO	j.n.ConnectException: Connection refused
USER	Kafka load test	END	1772646168512
USER	Kafka load test	START	1772646168615
REQUEST		Dummy request	1772646168614	1772646168615	KO	j.n.ConnectException: Connection refused
USER	Kafka load test	END	1772646168616
USER	Kafka load test	START	1772646168721
REQUEST		Dummy request	1772646168720	1772646168729	KO	j.n.ConnectException: Connection refused
USER	Kafka load test	END	1772646168729
USER	Kafka load test	START	1772646168813
REQUEST		Dummy request	1772646168812	1772646168813	KO	j.n.ConnectException: Connection refused
USER	Kafka load test	END	1772646168814
USER	Kafka load test	START	1772646168913
REQUEST		Dummy request	1772646168913	1772646168914	KO	j.n.ConnectException: Connection refused
USER	Kafka load test	END	1772646168914
USER	Kafka load test	START	1772646169172
REQUEST		Dummy request	1772646169171	1772646169172	KO	j.n.ConnectException: Connection refused
USER	Kafka load test	END	1772646169172
USER	Kafka load test	START	1772646169419
USER	Kafka load test	START	1772646169419
REQUEST		Dummy request	1772646169418	1772646169419	KO	j.n.ConnectException: Connection refused
REQUEST		Dummy request	1772646169418	1772646169419	KO	j.n.ConnectException: Connection refused
USER	Kafka load test	START	1772646169420
REQUEST		Dummy request	1772646169419	1772646169421	KO	j.n.ConnectException: Connection refused
USER	Kafka load test	END	1772646169421
USER	Kafka load test	END	1772646169421
USER	Kafka load test	END	1772646169421
USER	Kafka load test	START	1772646169439
REQUEST		Dummy request	1772646169439	1772646169440	KO	j.n.ConnectException: Connection refused
USER	Kafka load test	END	1772646169440
USER	Kafka load test	START	1772646169736
REQUEST		Dummy request	1772646169735	1772646169736	KO	j.n.ConnectException: Connection refused
USER	Kafka load test	END	1772646169736
USER	Kafka load test	START	1772646169749
USER	Kafka load test	START	1772646169749
REQUEST		Dummy request	1772646169748	1772646169749	KO	j.n.ConnectException: Connection refused
REQUEST		Dummy request	1772646169748	1772646169749	KO	j.n.ConnectException: Connection refused
USER	Kafka load test	END	1772646169749
USER	Kafka load test	END	1772646169749
USER	Kafka load test	START	1772646169935
REQUEST		Dummy request	1772646169935	1772646169936	KO	j.n.ConnectException: Connection refused
USER	Kafka load test	END	1772646169936
USER	Kafka load test	START	1772646170111
REQUEST		Dummy request	1772646170111	1772646170111	KO	j.n.ConnectException: Connection refused
USER	Kafka load test	END	1772646170112
USER	Kafka load test	START	1772646170154
USER	Kafka load test	START	1772646170154
REQUEST		Dummy request	1772646170153	1772646170154	KO	j.n.ConnectException: Connection refused
REQUEST		Dummy request	1772646170153	1772646170154	KO	j.n.ConnectException: Connection refused
USER	Kafka load test	END	1772646170154
USER	Kafka load test	END	1772646170154
USER	Kafka load test	START	1772646170213
REQUEST		Dummy request	1772646170212	1772646170213	KO	j.n.ConnectException: Connection refused
USER	Kafka load test	END	1772646170213
USER	Kafka load test	START	1772646170333
REQUEST		Dummy request	1772646170333	1772646170333	KO	j.n.ConnectException: Connection refused
USER	Kafka load test	END	1772646170334
USER	Kafka load test	START	1772646170415
REQUEST		Dummy request	1772646170414	1772646170415	KO	j.n.ConnectException: Connection refused
USER	Kafka load test	END	1772646170415
USER	Kafka load test	START	1772646170512
REQUEST		Dummy request	1772646170512	1772646170513	KO	j.n.ConnectException: Connection refused
USER	Kafka load test	END	1772646170515
USER	Kafka load test	START	1772646170636
REQUEST		Dummy request	1772646170635	1772646170636	KO	j.n.ConnectException: Connection refused
USER	Kafka load test	END	1772646170637
USER	Kafka load test	START	1772646170732
REQUEST		Dummy request	1772646170732	1772646170732	KO	j.n.ConnectException: Connection refused
USER	Kafka load test	END	1772646170733
USER	Kafka load test	START	1772646170843
REQUEST		Dummy request	1772646170842	1772646170845	KO	j.n.ConnectException: Connection refused
USER	Kafka load test	END	1772646170845
USER	Kafka load test	START	1772646171014
REQUEST		Dummy request	1772646171014	1772646171015	KO	j.n.ConnectException: Connection refused
USER	Kafka load test	END	1772646171015
USER	Kafka load test	START	1772646171027
REQUEST		Dummy request	1772646171026	1772646171028	KO	j.n.ConnectException: Connection refused
USER	Kafka load test	END	1772646171028
USER	Kafka load test	START	1772646171113
REQUEST		Dummy request	1772646171112	1772646171113	KO	j.n.ConnectException: Connection refused
USER	Kafka load test	END	1772646171113
USER	Kafka load test	START	1772646171213
REQUEST		Dummy request	1772646171213	1772646171213	KO	j.n.ConnectException: Connection refused
USER	Kafka load test	END	1772646171214
USER	Kafka load test	START	1772646171320
REQUEST		Dummy request	1772646171320	1772646171320	KO	j.n.ConnectException: Connection refused
USER	Kafka load test	END	1772646171321
USER	Kafka load test	START	1772646171427
REQUEST		Dummy request	1772646171427	1772646171428	KO	j.n.ConnectException: Connection refused
USER	Kafka load test	END	1772646171428
USER	Kafka load test	START	1772646171534
REQUEST		Dummy request	1772646171533	1772646171534	KO	j.n.ConnectException: Connection refused
USER	Kafka load test	END	1772646171534
USER	Kafka load test	START	1772646171616
REQUEST		Dummy request	1772646171615	1772646171616	KO	j.n.ConnectException: Connection refused
USER	Kafka load test	END	1772646171618
USER	Kafka load test	START	1772646171711
REQUEST		Dummy request	1772646171711	1772646171711	KO	j.n.ConnectException: Connection refused
USER	Kafka load test	END	1772646171711
USER	Kafka load test	START	1772646171813
REQUEST		Dummy request	1772646171813	1772646171813	KO	j.n.ConnectException: Connection refused
USER	Kafka load test	END	1772646171813
USER	Kafka load test	START	1772646171913
REQUEST		Dummy request	1772646171913	1772646171913	KO	j.n.ConnectException: Connection refused
USER	Kafka load test	END	1772646171913
USER	Kafka load test	START	1772646172016
REQUEST		Dummy request	1772646172015	1772646172017	KO	j.n.ConnectException: Connection refused
USER	Kafka load test	END	1772646172017
USER	Kafka load test	START	1772646172132
REQUEST		Dummy request	1772646172131	1772646172132	KO	j.n.ConnectException: Connection refused
USER	Kafka load test	END	1772646172132
USER	Kafka load test	START	1772646172218
REQUEST		Dummy request	1772646172216	1772646172218	KO	j.n.ConnectException: Connection refused
USER	Kafka load test	END	1772646172218
USER	Kafka load test	START	1772646172353
REQUEST		Dummy request	1772646172352	1772646172353	KO	j.n.ConnectException: Connection refused
USER	Kafka load test	END	1772646172353
USER	Kafka load test	START	1772646172445
REQUEST		Dummy request	1772646172445	1772646172446	KO	j.n.ConnectException: Connection refused
USER	Kafka load test	END	1772646172446
USER	Kafka load test	START	1772646172697
USER	Kafka load test	START	1772646172697
REQUEST		Dummy request	1772646172696	1772646172697	KO	j.n.ConnectException: Connection refused
REQUEST		Dummy request	1772646172696	1772646172698	KO	j.n.ConnectException: Connection refused
USER	Kafka load test	END	1772646172698
USER	Kafka load test	END	1772646172698
USER	Kafka load test	START	1772646172748
REQUEST		Dummy request	1772646172747	1772646172748	KO	j.n.ConnectException: Connection refused
USER	Kafka load test	END	1772646172748
USER	Kafka load test	START	1772646172898
REQUEST		Dummy request	1772646172898	1772646172898	KO	j.n.ConnectException: Connection refused
USER	Kafka load test	END	1772646172899
USER	Kafka load test	START	1772646173177
REQUEST		Dummy request	1772646173177	1772646173178	KO	j.n.ConnectException: Connection refused
USER	Kafka load test	END	1772646173178
USER	Kafka load test	START	1772646173205
REQUEST		Dummy request	1772646173204	1772646173205	KO	j.n.ConnectException: Connection refused
USER	Kafka load test	END	1772646173205
USER	Kafka load test	START	1772646173206
REQUEST		Dummy request	1772646173205	1772646173206	KO	j.n.ConnectException: Connection refused
USER	Kafka load test	END	1772646173206
USER	Kafka load test	START	1772646173223
REQUEST		Dummy request	1772646173223	1772646173224	KO	j.n.ConnectException: Connection refused
USER	Kafka load test	END	1772646173225
USER	Kafka load test	START	1772646173370
REQUEST		Dummy request	1772646173369	1772646173370	KO	j.n.ConnectException: Connection refused
USER	Kafka load test	END	1772646173370
USER	Kafka load test	START	1772646173459
REQUEST		Dummy request	1772646173458	1772646173460	KO	j.n.ConnectException: Connection refused
USER	Kafka load test	END	1772646173460
USER	Kafka load test	START	1772646173706
REQUEST		Dummy request	1772646173706	1772646173706	KO	j.n.ConnectException: Connection refused
USER	Kafka load test	END	1772646173707
USER	Kafka load test	START	1772646173877
REQUEST		Dummy request	1772646173877	1772646173878	KO	j.n.ConnectException: Connection refused
USER	Kafka load test	END	1772646173878
USER	Kafka load test	START	1772646174249
REQUEST		Dummy request	1772646174249	1772646174249	KO	j.n.ConnectException: Connection refused
USER	Kafka load test	END	1772646174250
USER	Kafka load test	START	1772646174334
USER	Kafka load test	START	1772646174335
REQUEST		Dummy request	1772646174333	1772646174334	KO	j.n.ConnectException: Connection refused
REQUEST		Dummy request	1772646174335	1772646174336	KO	j.n.ConnectException: Connection refused
USER	Kafka load test	END	1772646174336
USER	Kafka load test	END	1772646174336
USER	Kafka load test	START	1772646174337
REQUEST		Dummy request	1772646174337	1772646174337	KO	j.n.ConnectException: Connection refused
USER	Kafka load test	START	1772646174338
USER	Kafka load test	END	1772646174338
REQUEST		Dummy request	1772646174337	1772646174338	KO	j.n.ConnectException: Connection refused
USER	Kafka load test	END	1772646174339
USER	Kafka load test	START	1772646174539
REQUEST		Dummy request	1772646174539	1772646174539	KO	j.n.ConnectException: Connection refused
USER	Kafka load test	END	1772646174540
USER	Kafka load test	START	1772646174587
REQUEST		Dummy request	1772646174587	1772646174588	KO	j.n.ConnectException: Connection refused
USER	Kafka load test	START	1772646174588
USER	Kafka load test	END	1772646174588
REQUEST		Dummy request	1772646174588	1772646174588	KO	j.n.ConnectException: Connection refused
USER	Kafka load test	END	1772646174588
USER	Kafka load test	START	1772646174589
REQUEST		Dummy request	1772646174588	1772646174589	KO	j.n.ConnectException: Connection refused
USER	Kafka load test	END	1772646174589
USER	Kafka load test	START	1772646174632
REQUEST		Dummy request	1772646174632	1772646174633	KO	j.n.ConnectException: Connection refused
USER	Kafka load test	END	1772646174633
USER	Kafka load test	START	1772646174843
REQUEST		Dummy request	1772646174842	1772646174843	KO	j.n.ConnectException: Connection refused
USER	Kafka load test	END	1772646174843
USER	Kafka load test	START	1772646174861
REQUEST		Dummy request	1772646174861	1772646174861	KO	j.n.ConnectException: Connection refused
USER	Kafka load test	END	1772646174862
USER	Kafka load test	START	1772646174947
REQUEST		Dummy request	1772646174946	1772646174947	KO	j.n.ConnectException: Connection refused
USER	Kafka load test	END	1772646174948
USER	Kafka load test	START	1772646175220
REQUEST		Dummy request	1772646175219	1772646175220	KO	j.n.ConnectException: Connection refused
USER	Kafka load test	END	1772646175220
USER	Kafka load test	START	1772646175338
USER	Kafka load test	START	1772646175339
REQUEST		Dummy request	1772646175338	1772646175339	KO	j.n.ConnectException: Connection refused
REQUEST		Dummy request	1772646175338	1772646175339	KO	j.n.ConnectException: Connection refused
USER	Kafka load test	END	1772646175340
USER	Kafka load test	END	1772646175340
USER	Kafka load test	START	1772646175397
REQUEST		Dummy request	1772646175397	1772646175397	KO	j.n.ConnectException: Connection refused
USER	Kafka load test	END	1772646175398
USER	Kafka load test	START	1772646175471
REQUEST		Dummy request	1772646175471	1772646175471	KO	j.n.ConnectException: Connection refused
USER	Kafka load test	END	1772646175471
USER	Kafka load test	START	1772646175570
REQUEST		Dummy request	1772646175569	1772646175570	KO	j.n.ConnectException: Connection refused
USER	Kafka load test	END	1772646175571
USER	Kafka load test	START	1772646175862
REQUEST		Dummy request	1772646175861	1772646175862	KO	j.n.ConnectException: Connection refused
USER	Kafka load test	END	1772646175862
USER	Kafka load test	START	1772646175945
REQUEST		Dummy request	1772646175944	1772646175945	KO	j.n.ConnectException: Connection refused
USER	Kafka load test	START	1772646175945
USER	Kafka load test	END	1772646175945
REQUEST		Dummy request	1772646175945	1772646175945	KO	j.n.ConnectException: Connection refused
USER	Kafka load test	END	1772646175945
USER	Kafka load test	START	1772646175959
REQUEST		Dummy request	1772646175958	1772646175959	KO	j.n.ConnectException: Connection refused
USER	Kafka load test	END	1772646175960
USER	Kafka load test	START	1772646176017
REQUEST		Dummy request	1772646176016	1772646176017	KO	j.n.ConnectException: Connection refused
USER	Kafka load test	END	1772646176017
USER	Kafka load test	START	1772646176146
REQUEST		Dummy request	1772646176146	1772646176146	KO	j.n.ConnectException: Connection refused
USER	Kafka load test	END	1772646176146
USER	Kafka load test	START	1772646176268
REQUEST		Dummy request	1772646176267	1772646176268	KO	j.n.ConnectException: Connection refused
USER	Kafka load test	END	1772646176269
USER	Kafka load test	START	1772646176346
REQUEST		Dummy request	1772646176346	1772646176346	KO	j.n.ConnectException: Connection refused
USER	Kafka load test	END	1772646176347
USER	Kafka load test	START	1772646176439
REQUEST		Dummy request	1772646176439	1772646176440	KO	j.n.ConnectException: Connection refused
USER	Kafka load test	END	1772646176440
USER	Kafka load test	START	1772646176527
REQUEST		Dummy request	1772646176527	1772646176528	KO	j.n.ConnectException: Connection refused
USER	Kafka load test	END	1772646176528
USER	Kafka load test	START	1772646176681
REQUEST		Dummy request	1772646176681	1772646176682	KO	j.n.ConnectException: Connection refused
USER	Kafka load test	END	1772646176682
USER	Kafka load test	START	1772646176810
REQUEST		Dummy request	1772646176810	1772646176811	KO	j.n.ConnectException: Connection refused
USER	Kafka load test	END	1772646176811
USER	Kafka load test	START	1772646176831
REQUEST		Dummy request	1772646176830	1772646176831	KO	j.n.ConnectException: Connection refused
USER	Kafka load test	END	1772646176831
USER	Kafka load test	START	1772646176925
REQUEST		Dummy request	1772646176923	1772646176926	KO	j.n.ConnectException: Connection refused
USER	Kafka load test	END	1772646176926
USER	Kafka load test	START	1772646177182
REQUEST		Dummy request	1772646177171	1772646177183	KO	j.n.ConnectException: Connection refused
USER	Kafka load test	END	1772646177193
USER	Kafka load test	START	1772646177276
REQUEST		Dummy request	1772646177275	1772646177277	KO	j.n.ConnectException: Connection refused
USER	Kafka load test	END	1772646177280
USER	Kafka load test	START	1772646177468
REQUEST		Dummy request	1772646177467	1772646177469	KO	